<?xml version="1.0" encoding="UTF-8"?>
<testsuite xmlns:xsi="http://www.w3.org/2001/XMLSchema-instance" xsi:noNamespaceSchemaLocation="https://maven.apache.org/surefire/maven-surefire-plugin/xsd/surefire-test-report-3.0.xsd" version="3.0" name="TestSuite" time="26.423" tests="1" errors="0" skipped="0" failures="0">
  <properties>
[...]
</properties>
  <testcase name="runScenario[&quot;Successfully update Naukri profile with a new resume and key skills&quot;, &quot;Update Naukri Profile&quot;](1)" classname="runner.TestRunner" time="23.883">
    <system-out><![CDATA[21:54:35.663 [main] DEBUG c.a.c.service.ChainPluginService - Found configuration entry chaintest.generator.email.enabled, will use chaintest.generator.email.class-name to resolve class
21:54:35.673 [main] DEBUG c.a.c.service.ChainPluginService - Generator chaintest.generator.chainlp.enabled was not enabled. To enable, set property chaintest.generator.chainlp.enabled=true in your configuration
21:54:35.673 [main] DEBUG c.a.c.service.ChainPluginService - Found configuration entry chaintest.generator.simple.enabled, will use chaintest.generator.simple.class-name to resolve class
21:54:35.678 [main] DEBUG c.a.c.generator.FileGenerator - Loading template index.ftl for class class com.aventstack.chaintest.generator.ChainTestEmailGenerator with basePackagePath email/
2025-03-25 21:54:35 DEBUG cache:44 - Couldn't find template in cache for "index.ftl"("en_US", UTF-8, parsed); will try to load it.
2025-03-25 21:54:35 DEBUG cache:44 - TemplateLoader.findTemplateSource("index_en_US.ftl"): Not found
2025-03-25 21:54:35 DEBUG cache:44 - TemplateLoader.findTemplateSource("index_en.ftl"): Not found
2025-03-25 21:54:35 DEBUG cache:44 - TemplateLoader.findTemplateSource("index.ftl"): Found
2025-03-25 21:54:35 DEBUG cache:44 - Loading template for "index.ftl"("en_US", UTF-8, parsed) from "jar:file:/C:/Users/chand/.m2/repository/com/aventstack/chaintest-core/1.0.11/chaintest-core-1.0.11.jar!/com/aventstack/chaintest/generator/email/index.ftl"
21:54:35.953 [main] DEBUG c.a.c.generator.FileGenerator - Loading template index.ftl for class class com.aventstack.chaintest.generator.ChainTestSimpleGenerator with basePackagePath simple
2025-03-25 21:54:35 DEBUG cache:44 - Couldn't find template in cache for "index.ftl"("en_US", UTF-8, parsed); will try to load it.
2025-03-25 21:54:35 DEBUG cache:44 - TemplateLoader.findTemplateSource("index_en_US.ftl"): Not found
2025-03-25 21:54:35 DEBUG cache:44 - TemplateLoader.findTemplateSource("index_en.ftl"): Not found
2025-03-25 21:54:35 DEBUG cache:44 - TemplateLoader.findTemplateSource("index.ftl"): Found
2025-03-25 21:54:35 DEBUG cache:44 - Loading template for "index.ftl"("en_US", UTF-8, parsed) from "jar:file:/C:/Users/chand/.m2/repository/com/aventstack/chaintest-core/1.0.11/chaintest-core-1.0.11.jar!/com/aventstack/chaintest/generator/simple/index.ftl"

Scenario: Successfully update Naukri profile with a new resume and key skills   # src/test/java/features/NaukariProfileUpdate.feature:3
  Given The user is on the Naukri login page                                    # stepDefinition.Steps.The_user_is_on_the_Naukri_login_page()

    Embedding Successfully update Naukri profile with a new resume and key skills [image/png 98449 bytes]

2025-03-25 21:54:42 INFO  GenericMethods:733 - *************  user landed on login page  *************
2025-03-25 21:54:43 INFO  GenericMethods:733 - *************  user entered user name   *************
2025-03-25 21:54:43 INFO  GenericMethods:733 - *************  user entered passWord   *************
2025-03-25 21:54:43 INFO  GenericMethods:733 - *************  user clicked on the login button  *************
  When The user logs in with valid credentials                                  # stepDefinition.Steps.The_user_logs_in_with_valid_credentials()

    Embedding Successfully update Naukri profile with a new resume and key skills [image/png 83689 bytes]

2025-03-25 21:54:46 INFO  GenericMethods:733 - *************  user clicked on the view profile button   *************
  Then The user should be redirected to the homepage                            # stepDefinition.Steps.The_user_should_be_redirected_to_the_homepage()

    Embedding Successfully update Naukri profile with a new resume and key skills [image/png 7274 bytes]

2025-03-25 21:54:47 INFO  GenericMethods:733 - *************  skill is displayed, removing it...  *************
2025-03-25 21:54:48 INFO  GenericMethods:733 - *************  Skill removed successfully  *************
Given Key Skills have been successfully saved.and Key Skills have been successfully saved.both are same
2025-03-25 21:54:49 INFO  GenericMethods:733 - *************  Skill added successfully  *************
  When The user updates the key skills                                          # stepDefinition.Steps.The_user_updates_the_key_skills()

    Embedding Successfully update Naukri profile with a new resume and key skills [image/png 114441 bytes]

Given Key Skills have been successfully saved.and Key Skills have been successfully saved.both are same
  Then The user should see a confirmation that the key skills have been updated # stepDefinition.Steps.The_user_should_see_a_confirmation_that_the_key_skills_have_been_updated()

    Embedding Successfully update Naukri profile with a new resume and key skills [image/png 129265 bytes]

  And The user logs out successfully                                            # stepDefinition.Steps.The_user_logs_out_successfully()

    Embedding Successfully update Naukri profile with a new resume and key skills [image/png 133358 bytes]

]]></system-out>
    <system-err><![CDATA[Mar 25, 2025 9:54:39 PM org.openqa.selenium.devtools.CdpVersionFinder findNearestMatch
WARNING: Unable to find CDP implementation matching 134
Mar 25, 2025 9:54:39 PM org.openqa.selenium.chromium.ChromiumDriver lambda$new$5
WARNING: Unable to find version of CDP to use for 134.0.6998.165. You may need to include a dependency on a specific version of the CDP using something similar to `org.seleniumhq.selenium:selenium-devtools-v86:4.16.1` where the version ("v86") matches the version of the chromium-based browser you're using and the version number of the artifact is the same as Selenium's.
]]></system-err>
  </testcase>
</testsuite>